0 info it worked if it ends with ok
1 verbose cli [ '/Users/mertsusur/.nvm/versions/node/v7.4.0/bin/node',
1 verbose cli   '/Users/mertsusur/.nvm/versions/node/v7.4.0/bin/npm',
1 verbose cli   'start' ]
2 info using npm@4.0.5
3 info using node@v7.4.0
4 verbose run-script [ 'prestart', 'start', 'poststart' ]
5 info lifecycle text-adventure-api@0.0.1~prestart: text-adventure-api@0.0.1
6 silly lifecycle text-adventure-api@0.0.1~prestart: no script for prestart, continuing
7 info lifecycle text-adventure-api@0.0.1~start: text-adventure-api@0.0.1
8 verbose lifecycle text-adventure-api@0.0.1~start: unsafe-perm in lifecycle true
9 verbose lifecycle text-adventure-api@0.0.1~start: PATH: /Users/mertsusur/.nvm/versions/node/v7.4.0/lib/node_modules/npm/bin/node-gyp-bin:/Users/mertsusur/dev/msusur/text-adventure-api/node_modules/.bin:/Users/mertsusur/.nvm/versions/node/v7.4.0/bin:/Users/mertsusur/bin:/usr/local/bin:/Users/mertsusur/.rvm/bin/rvm:/Users/mertsusur/.rvm/gems/ruby-2.4.0/bin:/Users/mertsusur/.rvm/gems/ruby-2.4.0@global/bin:/Users/mertsusur/.rvm/rubies/ruby-2.4.0/bin:/Users/mertsusur/bin:/usr/local/bin:/Users/mertsusur/.rvm/bin/rvm:/usr/local/bin:/usr/bin:/bin:/usr/sbin:/sbin:/usr/local/share/dotnet:/Library/Frameworks/Mono.framework/Versions/Current/Commands:/Users/mertsusur/.rvm/bin:/Users/mertsusur/.rvm/bin
10 verbose lifecycle text-adventure-api@0.0.1~start: CWD: /Users/mertsusur/dev/msusur/text-adventure-api
11 silly lifecycle text-adventure-api@0.0.1~start: Args: [ '-c', 'node src/index.js' ]
12 silly lifecycle text-adventure-api@0.0.1~start: Returned: code: 1  signal: null
13 info lifecycle text-adventure-api@0.0.1~start: Failed to exec start script
14 verbose stack Error: text-adventure-api@0.0.1 start: `node src/index.js`
14 verbose stack Exit status 1
14 verbose stack     at EventEmitter.<anonymous> (/Users/mertsusur/.nvm/versions/node/v7.4.0/lib/node_modules/npm/lib/utils/lifecycle.js:279:16)
14 verbose stack     at emitTwo (events.js:106:13)
14 verbose stack     at EventEmitter.emit (events.js:191:7)
14 verbose stack     at ChildProcess.<anonymous> (/Users/mertsusur/.nvm/versions/node/v7.4.0/lib/node_modules/npm/lib/utils/spawn.js:40:14)
14 verbose stack     at emitTwo (events.js:106:13)
14 verbose stack     at ChildProcess.emit (events.js:191:7)
14 verbose stack     at maybeClose (internal/child_process.js:885:16)
14 verbose stack     at Process.ChildProcess._handle.onexit (internal/child_process.js:226:5)
15 verbose pkgid text-adventure-api@0.0.1
16 verbose cwd /Users/mertsusur/dev/msusur/text-adventure-api
17 error Darwin 16.4.0
18 error argv "/Users/mertsusur/.nvm/versions/node/v7.4.0/bin/node" "/Users/mertsusur/.nvm/versions/node/v7.4.0/bin/npm" "start"
19 error node v7.4.0
20 error npm  v4.0.5
21 error code ELIFECYCLE
22 error text-adventure-api@0.0.1 start: `node src/index.js`
22 error Exit status 1
23 error Failed at the text-adventure-api@0.0.1 start script 'node src/index.js'.
23 error Make sure you have the latest version of node.js and npm installed.
23 error If you do, this is most likely a problem with the text-adventure-api package,
23 error not with npm itself.
23 error Tell the author that this fails on your system:
23 error     node src/index.js
23 error You can get information on how to open an issue for this project with:
23 error     npm bugs text-adventure-api
23 error Or if that isn't available, you can get their info via:
23 error     npm owner ls text-adventure-api
23 error There is likely additional logging output above.
24 verbose exit [ 1, true ]
